Token #1: - C.Lexico: resta [2,0]
Token #2: 100 C.Lexico: num [2,1]
Token #3: class C.Lexico: class [3,0]
Token #4: Silly C.Lexico: id [3,6]
Token #5: { C.Lexico: llaveizquierda [3,12]
Token #6: copy C.Lexico: id [4,0]
Token #7: ( C.Lexico: parentesisizquierdo [4,4]
Token #8: ) C.Lexico: parentesisderecho [4,5]
Token #9: : C.Lexico: dospuntos [4,7]
Token #10: SELF_TYPE C.Lexico: tipo_this [4,9]
Token #11: { C.Lexico: llaveizquierda [4,19]
Token #12: self C.Lexico: id [4,21]
Token #13: } C.Lexico: llavederecha [4,26]
Token #14: ; C.Lexico: puntoycoma [4,27]
Token #15: } C.Lexico: llavederecha [5,0]
Token #16: ; C.Lexico: puntoycoma [5,1]
Token #17: class C.Lexico: class [6,0]
Token #18: Sally C.Lexico: id [6,6]
Token #19: inherits C.Lexico: inherits [6,12]
Token #20: Silly C.Lexico: id [6,21]
Token #21: { C.Lexico: llaveizquierda [6,27]
Token #22: } C.Lexico: llavederecha [6,29]
Token #23: ; C.Lexico: puntoycoma [6,30]
Token #24: class C.Lexico: class [7,0]
Token #25: Main C.Lexico: id [7,6]
Token #26: { C.Lexico: llaveizquierda [7,11]
Token #27: x C.Lexico: id [8,0]
Token #28: : C.Lexico: dospuntos [8,2]
Token #29: Sally C.Lexico: id [8,4]
Token #30: <- C.Lexico: asignacionizquierda [8,10]
Token #31: ( C.Lexico: parentesisizquierdo [8,13]
Token #32: new C.Lexico: new [8,14]
Token #33: Sally C.Lexico: id [8,18]
Token #34: ) C.Lexico: parentesisderecho [8,23]
Token #35: . C.Lexico: dospuntos [8,24]
Token #36: copy C.Lexico: id [8,25]
Token #37: ( C.Lexico: parentesisizquierdo [8,29]
Token #38: ) C.Lexico: parentesisderecho [8,30]
Token #39: ; C.Lexico: puntoycoma [8,31]
Token #40: main C.Lexico: id [9,0]
Token #41: ( C.Lexico: parentesisizquierdo [9,4]
Token #42: ) C.Lexico: parentesisderecho [9,5]
Token #43: : C.Lexico: dospuntos [9,7]
Token #44: Sally C.Lexico: id [9,9]
Token #45: { C.Lexico: llaveizquierda [9,15]
Token #46: x C.Lexico: id [9,17]
Token #47: } C.Lexico: llavederecha [9,19]
Token #48: ; C.Lexico: puntoycoma [9,20]
Token #49: } C.Lexico: llavederecha [10,0]
Token #50: ; C.Lexico: puntoycoma [10,1]
Token #51: "" C.Lexico: cadena [11,0]
Token #52: A2569a C.Lexico: id [12,0]
Token #53: bn C.Lexico: id [12,7]
